\BOOKMARK [1][-]{section.1}{\376\377\122\115\212\000}{}% 1
\BOOKMARK [2][-]{subsection.1.1}{\376\377\213\276\213\241\200\314\146\157}{section.1}% 2
\BOOKMARK [2][-]{subsection.1.2}{\376\377\213\276\213\241\151\202\217\360}{section.1}% 3
\BOOKMARK [2][-]{subsection.1.3}{\376\377\213\276\213\241\116\373\122\241}{section.1}% 4
\BOOKMARK [1][-]{section.2}{\376\377\145\271\150\110\213\276\213\241}{}% 5
\BOOKMARK [2][-]{subsection.2.1}{\376\377\137\252\217\371\145\271\150\110\213\272\213\301\116\016\220\011\142\351}{section.2}% 6
\BOOKMARK [3][-]{subsubsection.2.1.1}{\376\377\137\252\217\371\123\237\164\006\116\313\176\315}{subsection.2.1}% 7
\BOOKMARK [3][-]{subsubsection.2.1.2}{\376\377\137\252\217\371\145\271\150\110\153\324\217\203}{subsection.2.1}% 8
\BOOKMARK [2][-]{subsection.2.2}{\376\377\145\340\226\120\121\105\145\076\165\065\145\271\150\110\213\272\213\301\116\016\220\011\142\351}{section.2}% 9
\BOOKMARK [3][-]{subsubsection.2.2.1}{\376\377\123\321\134\004\116\016\143\245\145\066\152\041\127\127}{subsection.2.2}% 10
\BOOKMARK [3][-]{subsubsection.2.2.2}{\376\377\120\250\200\375}{subsection.2.2}% 11
\BOOKMARK [3][-]{subsubsection.2.2.3}{\376\377\000D\000C\000-\000D\000C\217\154\143\142}{subsection.2.2}% 12
\BOOKMARK [3][-]{subsubsection.2.2.4}{\376\377\117\233\165\065}{subsection.2.2}% 13
\BOOKMARK [2][-]{subsection.2.3}{\376\377\232\161\122\250\165\065\147\072\145\271\150\110\220\011\142\351}{section.2}% 14
\BOOKMARK [3][-]{subsubsection.2.3.1}{\376\377\165\065\147\072\143\247\122\066\145\271\150\110\153\324\217\203}{subsection.2.3}% 15
\BOOKMARK [3][-]{subsubsection.2.3.2}{\376\377\166\364\155\101\165\065\147\072\232\161\122\250\152\041\127\127\220\011\142\351}{subsection.2.3}% 16
\BOOKMARK [3][-]{subsubsection.2.3.3}{\376\377\134\017\217\146\131\026\137\142\166\204\213\276\213\241}{subsection.2.3}% 17
\BOOKMARK [2][-]{subsection.2.4}{\376\377\143\247\122\066\174\373\176\337\145\271\150\110\220\011\142\351}{section.2}% 18
\BOOKMARK [1][-]{section.3}{\376\377\164\006\213\272\122\006\147\220\124\214\174\373\176\337\213\276\213\241}{}% 19
\BOOKMARK [2][-]{subsection.3.1}{\376\377\140\073\117\123\174\373\176\337\213\276\213\241}{section.3}% 20
\BOOKMARK [2][-]{subsection.3.2}{\376\377\152\041\127\127\213\276\213\241}{section.3}% 21
\BOOKMARK [3][-]{subsubsection.3.2.1}{\376\377\201\352\124\057\122\250\213\276\213\241}{subsection.3.2}% 22
\BOOKMARK [3][-]{subsubsection.3.2.2}{\376\377\137\252\217\371\152\041\127\127\213\276\213\241}{subsection.3.2}% 23
\BOOKMARK [3][-]{subsubsection.3.2.3}{\376\377\145\340\176\277\121\105\145\076\165\065\152\041\127\127}{subsection.3.2}% 24
\BOOKMARK [1][-]{section.4}{\376\377\174\373\176\337\155\113\213\325\124\214\213\357\135\356\122\006\147\220}{}% 25
\BOOKMARK [1][-]{section.5}{\376\377\176\323\213\272}{}% 26
\BOOKMARK [1][-]{appendix.A}{\376\377\116\073\211\201\121\103\126\150\116\366\156\005\123\125}{}% 27
\BOOKMARK [1][-]{appendix.B}{\376\377\172\013\136\217\156\005\123\125}{}% 28
