This is pdfTeX, Version 3.14159265-2.6-1.40.18 (TeX Live 2017/W32TeX) (preloaded format=pdflatex 2019.9.6)  2 JUN 2020 22:04
entering extended mode
 restricted \write18 enabled.
 %&-line parsing enabled.
**"./Drift Report.tex"
(./Drift Report.tex
LaTeX2e <2017-04-15>
Babel <3.10> and hyphenation patterns for 84 language(s) loaded.
(c:/texlive/2017/texmf-dist/tex/latex/ctex/ctexart.cls
(c:/texlive/2017/texmf-dist/tex/latex/l3kernel/expl3.sty
Package: expl3 2017/05/13 L3 programming layer (loader) 

(c:/texlive/2017/texmf-dist/tex/latex/l3kernel/expl3-code.tex
Package: expl3 2017/05/13 L3 programming layer (code)
\c_max_int=\count79
\l_tmpa_int=\count80
\l_tmpb_int=\count81
\g_tmpa_int=\count82
\g_tmpb_int=\count83
\g__prg_map_int=\count84
\c_log_iow=\count85
\l_iow_line_count_int=\count86
\l__iow_line_target_int=\count87
\l__iow_one_indent_int=\count88
\l__iow_indent_int=\count89
\c_zero_dim=\dimen102
\c_max_dim=\dimen103
\l_tmpa_dim=\dimen104
\l_tmpb_dim=\dimen105
\g_tmpa_dim=\dimen106
\g_tmpb_dim=\dimen107
\c_zero_skip=\skip41
\c_max_skip=\skip42
\l_tmpa_skip=\skip43
\l_tmpb_skip=\skip44
\g_tmpa_skip=\skip45
\g_tmpb_skip=\skip46
\c_zero_muskip=\muskip10
\c_max_muskip=\muskip11
\l_tmpa_muskip=\muskip12
\l_tmpb_muskip=\muskip13
\g_tmpa_muskip=\muskip14
\g_tmpb_muskip=\muskip15
\l_keys_choice_int=\count90
\c__fp_leading_shift_int=\count91
\c__fp_middle_shift_int=\count92
\c__fp_trailing_shift_int=\count93
\c__fp_big_leading_shift_int=\count94
\c__fp_big_middle_shift_int=\count95
\c__fp_big_trailing_shift_int=\count96
\c__fp_Bigg_leading_shift_int=\count97
\c__fp_Bigg_middle_shift_int=\count98
\c__fp_Bigg_trailing_shift_int=\count99
\c__fp_rand_size_int=\count100
\c__fp_rand_four_int=\count101
\c__fp_rand_eight_int=\count102
\l__sort_length_int=\count103
\l__sort_min_int=\count104
\l__sort_top_int=\count105
\l__sort_max_int=\count106
\l__sort_true_max_int=\count107
\l__sort_block_int=\count108
\l__sort_begin_int=\count109
\l__sort_end_int=\count110
\l__sort_A_int=\count111
\l__sort_B_int=\count112
\l__sort_C_int=\count113
\c_empty_box=\box26
\l_tmpa_box=\box27
\l_tmpb_box=\box28
\g_tmpa_box=\box29
\g_tmpb_box=\box30
\l__box_top_dim=\dimen108
\l__box_bottom_dim=\dimen109
\l__box_left_dim=\dimen110
\l__box_right_dim=\dimen111
\l__box_top_new_dim=\dimen112
\l__box_bottom_new_dim=\dimen113
\l__box_left_new_dim=\dimen114
\l__box_right_new_dim=\dimen115
\l__box_internal_box=\box31
\l__coffin_internal_box=\box32
\l__coffin_internal_dim=\dimen116
\l__coffin_offset_x_dim=\dimen117
\l__coffin_offset_y_dim=\dimen118
\l__coffin_x_dim=\dimen119
\l__coffin_y_dim=\dimen120
\l__coffin_x_prime_dim=\dimen121
\l__coffin_y_prime_dim=\dimen122
\c_empty_coffin=\box33
\l__coffin_aligned_coffin=\box34
\l__coffin_aligned_internal_coffin=\box35
\l_tmpa_coffin=\box36
\l_tmpb_coffin=\box37
\l__coffin_display_coffin=\box38
\l__coffin_display_coord_coffin=\box39
\l__coffin_display_pole_coffin=\box40
\l__coffin_display_offset_dim=\dimen123
\l__coffin_display_x_dim=\dimen124
\l__coffin_display_y_dim=\dimen125
\l__coffin_bounding_shift_dim=\dimen126
\l__coffin_left_corner_dim=\dimen127
\l__coffin_right_corner_dim=\dimen128
\l__coffin_bottom_corner_dim=\dimen129
\l__coffin_top_corner_dim=\dimen130
\l__coffin_scaled_total_height_dim=\dimen131
\l__coffin_scaled_width_dim=\dimen132
)
(c:/texlive/2017/texmf-dist/tex/latex/l3kernel/l3pdfmode.def
File: l3pdfmode.def 2017/03/18 v L3 Experimental driver: PDF mode
\l__driver_color_stack_int=\count114
\l__driver_tmp_box=\box41
))
Document Class: ctexart 2017/04/01 v2.4.9 Chinese adapter for class article (CT
EX)
(c:/texlive/2017/texmf-dist/tex/latex/l3packages/xparse/xparse.sty
Package: xparse 2017/05/13 L3 Experimental document command parser
\l__xparse_current_arg_int=\count115
\g__xparse_grabber_int=\count116
\l__xparse_m_args_int=\count117
\l__xparse_mandatory_args_int=\count118
\l__xparse_v_nesting_int=\count119
)
(c:/texlive/2017/texmf-dist/tex/latex/l3packages/l3keys2e/l3keys2e.sty
Package: l3keys2e 2017/05/13 LaTeX2e option processing using LaTeX3 keys
)
\g__file_internal_ior=\read1

(c:/texlive/2017/texmf-dist/tex/latex/ctex/ctexhook.sty
Package: ctexhook 2017/04/01 v2.4.9 Document and package hooks (CTEX)
)
(c:/texlive/2017/texmf-dist/tex/latex/ctex/ctexpatch.sty
Package: ctexpatch 2017/04/01 v2.4.9 Patching commands (CTEX)
)
(c:/texlive/2017/texmf-dist/tex/latex/base/fix-cm.sty
Package: fix-cm 2015/01/14 v1.1t fixes to LaTeX

(c:/texlive/2017/texmf-dist/tex/latex/base/ts1enc.def
File: ts1enc.def 2001/06/05 v3.0e (jk/car/fm) Standard LaTeX file
))
(c:/texlive/2017/texmf-dist/tex/latex/ms/everysel.sty
Package: everysel 2011/10/28 v1.2 EverySelectfont Package (MS)
)
\l__ctex_tmp_int=\count120
\l__ctex_tmp_box=\box42
\l__ctex_tmp_dim=\dimen133

(c:/texlive/2017/texmf-dist/tex/latex/ctex/config/ctexopts.cfg
File: ctexopts.cfg 2017/04/01 v2.4.9 Option configuration file (CTEX)
)
(c:/texlive/2017/texmf-dist/tex/latex/base/article.cls
Document Class: article 2014/09/29 v1.4h Standard LaTeX document class
(c:/texlive/2017/texmf-dist/tex/latex/base/size10.clo
File: size10.clo 2014/09/29 v1.4h Standard LaTeX file (size option)
)
\c@part=\count121
\c@section=\count122
\c@subsection=\count123
\c@subsubsection=\count124
\c@paragraph=\count125
\c@subparagraph=\count126
\c@figure=\count127
\c@table=\count128
\abovecaptionskip=\skip47
\belowcaptionskip=\skip48
\bibindent=\dimen134
)
(c:/texlive/2017/texmf-dist/tex/latex/ctex/engine/ctex-engine-pdftex.def
File: ctex-engine-pdftex.def 2017/04/01 v2.4.9 (pdf)LaTeX adapter (CTEX)

(c:/texlive/2017/texmf-dist/tex/latex/cjk/texinput/CJKutf8.sty
Package: CJKutf8 2015/04/18 4.8.4

(c:/texlive/2017/texmf-dist/tex/generic/oberdiek/ifpdf.sty
Package: ifpdf 2017/03/15 v3.2 Provides the ifpdf switch
)
(c:/texlive/2017/texmf-dist/tex/latex/base/inputenc.sty
Package: inputenc 2015/03/17 v1.2c Input encoding file
\inpenc@prehook=\toks14
\inpenc@posthook=\toks15

(c:/texlive/2017/texmf-dist/tex/latex/base/utf8.def
File: utf8.def 2017/01/28 v1.1t UTF-8 support for inputenc
Now handling font encoding OML ...
... no UTF-8 mapping file for font encoding OML
Now handling font encoding T1 ...
... processing UTF-8 mapping file for font encoding T1

(c:/texlive/2017/texmf-dist/tex/latex/base/t1enc.dfu
File: t1enc.dfu 2017/01/28 v1.1t UTF-8 support for inputenc
   defining Unicode char U+00A0 (decimal 160)
   defining Unicode char U+00A1 (decimal 161)
   defining Unicode char U+00A3 (decimal 163)
   defining Unicode char U+00AB (decimal 171)
   defining Unicode char U+00AD (decimal 173)
   defining Unicode char U+00BB (decimal 187)
   defining Unicode char U+00BF (decimal 191)
   defining Unicode char U+00C0 (decimal 192)
   defining Unicode char U+00C1 (decimal 193)
   defining Unicode char U+00C2 (decimal 194)
   defining Unicode char U+00C3 (decimal 195)
   defining Unicode char U+00C4 (decimal 196)
   defining Unicode char U+00C5 (decimal 197)
   defining Unicode char U+00C6 (decimal 198)
   defining Unicode char U+00C7 (decimal 199)
   defining Unicode char U+00C8 (decimal 200)
   defining Unicode char U+00C9 (decimal 201)
   defining Unicode char U+00CA (decimal 202)
   defining Unicode char U+00CB (decimal 203)
   defining Unicode char U+00CC (decimal 204)
   defining Unicode char U+00CD (decimal 205)
   defining Unicode char U+00CE (decimal 206)
   defining Unicode char U+00CF (decimal 207)
   defining Unicode char U+00D0 (decimal 208)
   defining Unicode char U+00D1 (decimal 209)
   defining Unicode char U+00D2 (decimal 210)
   defining Unicode char U+00D3 (decimal 211)
   defining Unicode char U+00D4 (decimal 212)
   defining Unicode char U+00D5 (decimal 213)
   defining Unicode char U+00D6 (decimal 214)
   defining Unicode char U+00D8 (decimal 216)
   defining Unicode char U+00D9 (decimal 217)
   defining Unicode char U+00DA (decimal 218)
   defining Unicode char U+00DB (decimal 219)
   defining Unicode char U+00DC (decimal 220)
   defining Unicode char U+00DD (decimal 221)
   defining Unicode char U+00DE (decimal 222)
   defining Unicode char U+00DF (decimal 223)
   defining Unicode char U+00E0 (decimal 224)
   defining Unicode char U+00E1 (decimal 225)
   defining Unicode char U+00E2 (decimal 226)
   defining Unicode char U+00E3 (decimal 227)
   defining Unicode char U+00E4 (decimal 228)
   defining Unicode char U+00E5 (decimal 229)
   defining Unicode char U+00E6 (decimal 230)
   defining Unicode char U+00E7 (decimal 231)
   defining Unicode char U+00E8 (decimal 232)
   defining Unicode char U+00E9 (decimal 233)
   defining Unicode char U+00EA (decimal 234)
   defining Unicode char U+00EB (decimal 235)
   defining Unicode char U+00EC (decimal 236)
   defining Unicode char U+00ED (decimal 237)
   defining Unicode char U+00EE (decimal 238)
   defining Unicode char U+00EF (decimal 239)
   defining Unicode char U+00F0 (decimal 240)
   defining Unicode char U+00F1 (decimal 241)
   defining Unicode char U+00F2 (decimal 242)
   defining Unicode char U+00F3 (decimal 243)
   defining Unicode char U+00F4 (decimal 244)
   defining Unicode char U+00F5 (decimal 245)
   defining Unicode char U+00F6 (decimal 246)
   defining Unicode char U+00F8 (decimal 248)
   defining Unicode char U+00F9 (decimal 249)
   defining Unicode char U+00FA (decimal 250)
   defining Unicode char U+00FB (decimal 251)
   defining Unicode char U+00FC (decimal 252)
   defining Unicode char U+00FD (decimal 253)
   defining Unicode char U+00FE (decimal 254)
   defining Unicode char U+00FF (decimal 255)
   defining Unicode char U+0100 (decimal 256)
   defining Unicode char U+0101 (decimal 257)
   defining Unicode char U+0102 (decimal 258)
   defining Unicode char U+0103 (decimal 259)
   defining Unicode char U+0104 (decimal 260)
   defining Unicode char U+0105 (decimal 261)
   defining Unicode char U+0106 (decimal 262)
   defining Unicode char U+0107 (decimal 263)
   defining Unicode char U+0108 (decimal 264)
   defining Unicode char U+0109 (decimal 265)
   defining Unicode char U+010A (decimal 266)
   defining Unicode char U+010B (decimal 267)
   defining Unicode char U+010C (decimal 268)
   defining Unicode char U+010D (decimal 269)
   defining Unicode char U+010E (decimal 270)
   defining Unicode char U+010F (decimal 271)
   defining Unicode char U+0110 (decimal 272)
   defining Unicode char U+0111 (decimal 273)
   defining Unicode char U+0112 (decimal 274)
   defining Unicode char U+0113 (decimal 275)
   defining Unicode char U+0114 (decimal 276)
   defining Unicode char U+0115 (decimal 277)
   defining Unicode char U+0116 (decimal 278)
   defining Unicode char U+0117 (decimal 279)
   defining Unicode char U+0118 (decimal 280)
   defining Unicode char U+0119 (decimal 281)
   defining Unicode char U+011A (decimal 282)
   defining Unicode char U+011B (decimal 283)
   defining Unicode char U+011C (decimal 284)
   defining Unicode char U+011D (decimal 285)
   defining Unicode char U+011E (decimal 286)
   defining Unicode char U+011F (decimal 287)
   defining Unicode char U+0120 (decimal 288)
   defining Unicode char U+0121 (decimal 289)
   defining Unicode char U+0122 (decimal 290)
   defining Unicode char U+0123 (decimal 291)
   defining Unicode char U+0124 (decimal 292)
   defining Unicode char U+0125 (decimal 293)
   defining Unicode char U+0128 (decimal 296)
   defining Unicode char U+0129 (decimal 297)
   defining Unicode char U+012A (decimal 298)
   defining Unicode char U+012B (decimal 299)
   defining Unicode char U+012C (decimal 300)
   defining Unicode char U+012D (decimal 301)
   defining Unicode char U+012E (decimal 302)
   defining Unicode char U+012F (decimal 303)
   defining Unicode char U+0130 (decimal 304)
   defining Unicode char U+0131 (decimal 305)
   defining Unicode char U+0132 (decimal 306)
   defining Unicode char U+0133 (decimal 307)
   defining Unicode char U+0134 (decimal 308)
   defining Unicode char U+0135 (decimal 309)
   defining Unicode char U+0136 (decimal 310)
   defining Unicode char U+0137 (decimal 311)
   defining Unicode char U+0139 (decimal 313)
   defining Unicode char U+013A (decimal 314)
   defining Unicode char U+013B (decimal 315)
   defining Unicode char U+013C (decimal 316)
   defining Unicode char U+013D (decimal 317)
   defining Unicode char U+013E (decimal 318)
   defining Unicode char U+0141 (decimal 321)
   defining Unicode char U+0142 (decimal 322)
   defining Unicode char U+0143 (decimal 323)
   defining Unicode char U+0144 (decimal 324)
   defining Unicode char U+0145 (decimal 325)
   defining Unicode char U+0146 (decimal 326)
   defining Unicode char U+0147 (decimal 327)
   defining Unicode char U+0148 (decimal 328)
   defining Unicode char U+014A (decimal 330)
   defining Unicode char U+014B (decimal 331)
   defining Unicode char U+014C (decimal 332)
   defining Unicode char U+014D (decimal 333)
   defining Unicode char U+014E (decimal 334)
   defining Unicode char U+014F (decimal 335)
   defining Unicode char U+0150 (decimal 336)
   defining Unicode char U+0151 (decimal 337)
   defining Unicode char U+0152 (decimal 338)
   defining Unicode char U+0153 (decimal 339)
   defining Unicode char U+0154 (decimal 340)
   defining Unicode char U+0155 (decimal 341)
   defining Unicode char U+0156 (decimal 342)
   defining Unicode char U+0157 (decimal 343)
   defining Unicode char U+0158 (decimal 344)
   defining Unicode char U+0159 (decimal 345)
   defining Unicode char U+015A (decimal 346)
   defining Unicode char U+015B (decimal 347)
   defining Unicode char U+015C (decimal 348)
   defining Unicode char U+015D (decimal 349)
   defining Unicode char U+015E (decimal 350)
   defining Unicode char U+015F (decimal 351)
   defining Unicode char U+0160 (decimal 352)
   defining Unicode char U+0161 (decimal 353)
   defining Unicode char U+0162 (decimal 354)
   defining Unicode char U+0163 (decimal 355)
   defining Unicode char U+0164 (decimal 356)
   defining Unicode char U+0165 (decimal 357)
   defining Unicode char U+0168 (decimal 360)
   defining Unicode char U+0169 (decimal 361)
   defining Unicode char U+016A (decimal 362)
   defining Unicode char U+016B (decimal 363)
   defining Unicode char U+016C (decimal 364)
   defining Unicode char U+016D (decimal 365)
   defining Unicode char U+016E (decimal 366)
   defining Unicode char U+016F (decimal 367)
   defining Unicode char U+0170 (decimal 368)
   defining Unicode char U+0171 (decimal 369)
   defining Unicode char U+0172 (decimal 370)
   defining Unicode char U+0173 (decimal 371)
   defining Unicode char U+0174 (decimal 372)
   defining Unicode char U+0175 (decimal 373)
   defining Unicode char U+0176 (decimal 374)
   defining Unicode char U+0177 (decimal 375)
   defining Unicode char U+0178 (decimal 376)
   defining Unicode char U+0179 (decimal 377)
   defining Unicode char U+017A (decimal 378)
   defining Unicode char U+017B (decimal 379)
   defining Unicode char U+017C (decimal 380)
   defining Unicode char U+017D (decimal 381)
   defining Unicode char U+017E (decimal 382)
   defining Unicode char U+01CD (decimal 461)
   defining Unicode char U+01CE (decimal 462)
   defining Unicode char U+01CF (decimal 463)
   defining Unicode char U+01D0 (decimal 464)
   defining Unicode char U+01D1 (decimal 465)
   defining Unicode char U+01D2 (decimal 466)
   defining Unicode char U+01D3 (decimal 467)
   defining Unicode char U+01D4 (decimal 468)
   defining Unicode char U+01E2 (decimal 482)
   defining Unicode char U+01E3 (decimal 483)
   defining Unicode char U+01E6 (decimal 486)
   defining Unicode char U+01E7 (decimal 487)
   defining Unicode char U+01E8 (decimal 488)
   defining Unicode char U+01E9 (decimal 489)
   defining Unicode char U+01EA (decimal 490)
   defining Unicode char U+01EB (decimal 491)
   defining Unicode char U+01F0 (decimal 496)
   defining Unicode char U+01F4 (decimal 500)
   defining Unicode char U+01F5 (decimal 501)
   defining Unicode char U+0218 (decimal 536)
   defining Unicode char U+0219 (decimal 537)
   defining Unicode char U+021A (decimal 538)
   defining Unicode char U+021B (decimal 539)
   defining Unicode char U+0232 (decimal 562)
   defining Unicode char U+0233 (decimal 563)
   defining Unicode char U+1E02 (decimal 7682)
   defining Unicode char U+1E03 (decimal 7683)
   defining Unicode char U+200C (decimal 8204)
   defining Unicode char U+2010 (decimal 8208)
   defining Unicode char U+2011 (decimal 8209)
   defining Unicode char U+2012 (decimal 8210)
   defining Unicode char U+2013 (decimal 8211)
   defining Unicode char U+2014 (decimal 8212)
   defining Unicode char U+2015 (decimal 8213)
   defining Unicode char U+2018 (decimal 8216)
   defining Unicode char U+2019 (decimal 8217)
   defining Unicode char U+201A (decimal 8218)
   defining Unicode char U+201C (decimal 8220)
   defining Unicode char U+201D (decimal 8221)
   defining Unicode char U+201E (decimal 8222)
   defining Unicode char U+2030 (decimal 8240)
   defining Unicode char U+2031 (decimal 8241)
   defining Unicode char U+2039 (decimal 8249)
   defining Unicode char U+203A (decimal 8250)
   defining Unicode char U+2423 (decimal 9251)
   defining Unicode char U+1E20 (decimal 7712)
   defining Unicode char U+1E21 (decimal 7713)
)
Now handling font encoding OT1 ...
... processing UTF-8 mapping file for font encoding OT1

(c:/texlive/2017/texmf-dist/tex/latex/base/ot1enc.dfu
File: ot1enc.dfu 2017/01/28 v1.1t UTF-8 support for inputenc
   defining Unicode char U+00A0 (decimal 160)
   defining Unicode char U+00A1 (decimal 161)
   defining Unicode char U+00A3 (decimal 163)
   defining Unicode char U+00AD (decimal 173)
   defining Unicode char U+00B8 (decimal 184)
   defining Unicode char U+00BF (decimal 191)
   defining Unicode char U+00C5 (decimal 197)
   defining Unicode char U+00C6 (decimal 198)
   defining Unicode char U+00D8 (decimal 216)
   defining Unicode char U+00DF (decimal 223)
   defining Unicode char U+00E6 (decimal 230)
   defining Unicode char U+00EC (decimal 236)
   defining Unicode char U+00ED (decimal 237)
   defining Unicode char U+00EE (decimal 238)
   defining Unicode char U+00EF (decimal 239)
   defining Unicode char U+00F8 (decimal 248)
   defining Unicode char U+0131 (decimal 305)
   defining Unicode char U+0141 (decimal 321)
   defining Unicode char U+0142 (decimal 322)
   defining Unicode char U+0152 (decimal 338)
   defining Unicode char U+0153 (decimal 339)
   defining Unicode char U+0174 (decimal 372)
   defining Unicode char U+0175 (decimal 373)
   defining Unicode char U+0176 (decimal 374)
   defining Unicode char U+0177 (decimal 375)
   defining Unicode char U+0218 (decimal 536)
   defining Unicode char U+0219 (decimal 537)
   defining Unicode char U+021A (decimal 538)
   defining Unicode char U+021B (decimal 539)
   defining Unicode char U+2013 (decimal 8211)
   defining Unicode char U+2014 (decimal 8212)
   defining Unicode char U+2018 (decimal 8216)
   defining Unicode char U+2019 (decimal 8217)
   defining Unicode char U+201C (decimal 8220)
   defining Unicode char U+201D (decimal 8221)
)
Now handling font encoding OMS ...
... processing UTF-8 mapping file for font encoding OMS

(c:/texlive/2017/texmf-dist/tex/latex/base/omsenc.dfu
File: omsenc.dfu 2017/01/28 v1.1t UTF-8 support for inputenc
   defining Unicode char U+00A7 (decimal 167)
   defining Unicode char U+00B6 (decimal 182)
   defining Unicode char U+00B7 (decimal 183)
   defining Unicode char U+2020 (decimal 8224)
   defining Unicode char U+2021 (decimal 8225)
   defining Unicode char U+2022 (decimal 8226)
)
Now handling font encoding OMX ...
... no UTF-8 mapping file for font encoding OMX
Now handling font encoding U ...
... no UTF-8 mapping file for font encoding U
Now handling font encoding TS1 ...
... processing UTF-8 mapping file for font encoding TS1

(c:/texlive/2017/texmf-dist/tex/latex/base/ts1enc.dfu
File: ts1enc.dfu 2017/01/28 v1.1t UTF-8 support for inputenc
   defining Unicode char U+00A2 (decimal 162)
   defining Unicode char U+00A3 (decimal 163)
   defining Unicode char U+00A4 (decimal 164)
   defining Unicode char U+00A5 (decimal 165)
   defining Unicode char U+00A6 (decimal 166)
   defining Unicode char U+00A7 (decimal 167)
   defining Unicode char U+00A8 (decimal 168)
   defining Unicode char U+00A9 (decimal 169)
   defining Unicode char U+00AA (decimal 170)
   defining Unicode char U+00AC (decimal 172)
   defining Unicode char U+00AE (decimal 174)
   defining Unicode char U+00AF (decimal 175)
   defining Unicode char U+00B0 (decimal 176)
   defining Unicode char U+00B1 (decimal 177)
   defining Unicode char U+00B2 (decimal 178)
   defining Unicode char U+00B3 (decimal 179)
   defining Unicode char U+00B4 (decimal 180)
   defining Unicode char U+00B5 (decimal 181)
   defining Unicode char U+00B6 (decimal 182)
   defining Unicode char U+00B7 (decimal 183)
   defining Unicode char U+00B9 (decimal 185)
   defining Unicode char U+00BA (decimal 186)
   defining Unicode char U+00BC (decimal 188)
   defining Unicode char U+00BD (decimal 189)
   defining Unicode char U+00BE (decimal 190)
   defining Unicode char U+00D7 (decimal 215)
   defining Unicode char U+00F7 (decimal 247)
   defining Unicode char U+0192 (decimal 402)
   defining Unicode char U+02C7 (decimal 711)
   defining Unicode char U+02D8 (decimal 728)
   defining Unicode char U+02DD (decimal 733)
   defining Unicode char U+0E3F (decimal 3647)
   defining Unicode char U+2016 (decimal 8214)
   defining Unicode char U+2020 (decimal 8224)
   defining Unicode char U+2021 (decimal 8225)
   defining Unicode char U+2022 (decimal 8226)
   defining Unicode char U+2030 (decimal 8240)
   defining Unicode char U+2031 (decimal 8241)
   defining Unicode char U+203B (decimal 8251)
   defining Unicode char U+203D (decimal 8253)
   defining Unicode char U+2044 (decimal 8260)
   defining Unicode char U+204E (decimal 8270)
   defining Unicode char U+2052 (decimal 8274)
   defining Unicode char U+20A1 (decimal 8353)
   defining Unicode char U+20A4 (decimal 8356)
   defining Unicode char U+20A6 (decimal 8358)
   defining Unicode char U+20A9 (decimal 8361)
   defining Unicode char U+20AB (decimal 8363)
   defining Unicode char U+20AC (decimal 8364)
   defining Unicode char U+20B1 (decimal 8369)
   defining Unicode char U+2103 (decimal 8451)
   defining Unicode char U+2116 (decimal 8470)
   defining Unicode char U+2117 (decimal 8471)
   defining Unicode char U+211E (decimal 8478)
   defining Unicode char U+2120 (decimal 8480)
   defining Unicode char U+2122 (decimal 8482)
   defining Unicode char U+2126 (decimal 8486)
   defining Unicode char U+2127 (decimal 8487)
   defining Unicode char U+212E (decimal 8494)
   defining Unicode char U+2190 (decimal 8592)
   defining Unicode char U+2191 (decimal 8593)
   defining Unicode char U+2192 (decimal 8594)
   defining Unicode char U+2193 (decimal 8595)
   defining Unicode char U+2329 (decimal 9001)
   defining Unicode char U+232A (decimal 9002)
   defining Unicode char U+2422 (decimal 9250)
   defining Unicode char U+25E6 (decimal 9702)
   defining Unicode char U+25EF (decimal 9711)
   defining Unicode char U+266A (decimal 9834)
)
   defining Unicode char U+00A9 (decimal 169)
   defining Unicode char U+00AA (decimal 170)
   defining Unicode char U+00AE (decimal 174)
   defining Unicode char U+00BA (decimal 186)
   defining Unicode char U+02C6 (decimal 710)
   defining Unicode char U+02DC (decimal 732)
   defining Unicode char U+200C (decimal 8204)
   defining Unicode char U+2026 (decimal 8230)
   defining Unicode char U+2122 (decimal 8482)
   defining Unicode char U+2423 (decimal 9251)
))
(c:/texlive/2017/texmf-dist/tex/latex/cjk/texinput/CJK.sty
Package: CJK 2015/04/18 4.8.4

(c:/texlive/2017/texmf-dist/tex/latex/cjk/texinput/mule/MULEenc.sty
Package: MULEenc 2015/04/18 4.8.4
)
(c:/texlive/2017/texmf-dist/tex/latex/cjk/texinput/CJK.enc
File: CJK.enc 2015/04/18 4.8.4
Now handling font encoding C00 ...
... no UTF-8 mapping file for font encoding C00
Now handling font encoding C05 ...
... no UTF-8 mapping file for font encoding C05
Now handling font encoding C09 ...
... no UTF-8 mapping file for font encoding C09
Now handling font encoding C10 ...
... no UTF-8 mapping file for font encoding C10
Now handling font encoding C20 ...
... no UTF-8 mapping file for font encoding C20
Now handling font encoding C19 ...
... no UTF-8 mapping file for font encoding C19
Now handling font encoding C40 ...
... no UTF-8 mapping file for font encoding C40
Now handling font encoding C42 ...
... no UTF-8 mapping file for font encoding C42
Now handling font encoding C43 ...
... no UTF-8 mapping file for font encoding C43
Now handling font encoding C50 ...
... no UTF-8 mapping file for font encoding C50
Now handling font encoding C52 ...
... no UTF-8 mapping file for font encoding C52
Now handling font encoding C49 ...
... no UTF-8 mapping file for font encoding C49
Now handling font encoding C60 ...
... no UTF-8 mapping file for font encoding C60
Now handling font encoding C61 ...
... no UTF-8 mapping file for font encoding C61
Now handling font encoding C63 ...
... no UTF-8 mapping file for font encoding C63
Now handling font encoding C64 ...
... no UTF-8 mapping file for font encoding C64
Now handling font encoding C65 ...
... no UTF-8 mapping file for font encoding C65
Now handling font encoding C70 ...
... no UTF-8 mapping file for font encoding C70
Now handling font encoding C31 ...
... no UTF-8 mapping file for font encoding C31
Now handling font encoding C32 ...
... no UTF-8 mapping file for font encoding C32
Now handling font encoding C33 ...
... no UTF-8 mapping file for font encoding C33
Now handling font encoding C34 ...
... no UTF-8 mapping file for font encoding C34
Now handling font encoding C35 ...
... no UTF-8 mapping file for font encoding C35
Now handling font encoding C36 ...
... no UTF-8 mapping file for font encoding C36
Now handling font encoding C37 ...
... no UTF-8 mapping file for font encoding C37
Now handling font encoding C80 ...
... no UTF-8 mapping file for font encoding C80
Now handling font encoding C81 ...
... no UTF-8 mapping file for font encoding C81
Now handling font encoding C01 ...
... no UTF-8 mapping file for font encoding C01
Now handling font encoding C11 ...
... no UTF-8 mapping file for font encoding C11
Now handling font encoding C21 ...
... no UTF-8 mapping file for font encoding C21
Now handling font encoding C41 ...
... no UTF-8 mapping file for font encoding C41
Now handling font encoding C62 ...
... no UTF-8 mapping file for font encoding C62
)
LaTeX Info: Redefining \selectfont on input line 755.
\CJK@indent=\box43
)
(c:/texlive/2017/texmf-dist/tex/latex/base/fontenc.sty
Package: fontenc 2017/04/05 v2.0i Standard LaTeX package
))
(c:/texlive/2017/texmf-dist/tex/latex/cjkpunct/CJKpunct.sty
Package: CJKpunct 2016/05/14 4.8.4
\CJKpunct@cnta=\count129
\CJKpunct@cntb=\count130
\CJKpunct@cntc=\count131
\CJKpunct@cntd=\count132
\CJKpunct@cnte=\count133
   defining Unicode char U+2018 (decimal 8216)
   defining Unicode char U+2019 (decimal 8217)
   defining Unicode char U+201C (decimal 8220)
   defining Unicode char U+201D (decimal 8221)
   defining Unicode char U+2014 (decimal 8212)
   defining Unicode char U+2026 (decimal 8230)

(c:/texlive/2017/texmf-dist/tex/latex/cjkpunct/CJKpunct.spa))
(c:/texlive/2017/texmf-dist/tex/latex/cjk/texinput/CJKspace.sty
Package: CJKspace 2015/04/18 3.8.0
)
(c:/texlive/2017/texmf-dist/tex/latex/ctex/ctexspa.def
File: ctexspa.def 2017/04/01 v2.4.9 Space info for CJKpunct (CTEX)
)
(c:/texlive/2017/texmf-dist/tex/latex/cjk/texinput/CJKfntef.sty
Package: CJKfntef 2015/04/18 4.8.4

(c:/texlive/2017/texmf-dist/tex/latex/cjk/texinput/CJKulem.sty
Package: CJKulem 2015/04/18 4.8.4

(c:/texlive/2017/texmf-dist/tex/generic/ulem/ulem.sty
\UL@box=\box44
\UL@hyphenbox=\box45
\UL@skip=\skip49
\UL@hook=\toks16
\UL@height=\dimen135
\UL@pe=\count134
\UL@pixel=\dimen136
\ULC@box=\box46
Package: ulem 2012/05/18
\ULdepth=\dimen137
)
\UL@lastkern=\dimen138
\CJK@skip=\skip50
)
\CJK@fntefSkip=\skip51
\CJK@nest=\count135
\CJK@fntefDimen=\dimen139
\CJK@underdotBox=\box47
\CJK@ULbox=\box48
\CJK@underanyskip=\dimen140
)
\ccwd=\dimen141
\l__ctex_ccglue_skip=\skip52
)
.................................................
. LaTeX info: "xparse/define-command"
. 
. Defining command \ctexset with sig. '' on line 387.
.................................................
.................................................
. LaTeX info: "xparse/define-command"
. 
. Defining command \CTEXsetup with sig. '+o>{\TrimSpaces }m' on line 393.
.................................................
.................................................
. LaTeX info: "xparse/define-command"
. 
. Defining command \CTEXoptions with sig. '+o' on line 399.
.................................................
.................................................
. LaTeX info: "xparse/define-command"
. 
. Defining command \CTEXsetfont with sig. '' on line 417.
.................................................
.................................................
. LaTeX info: "xparse/define-command"
. 
. Defining command \ziju with sig. 'm' on line 489.
.................................................
\l__ctex_ziju_dim=\dimen142
.................................................
. LaTeX info: "xparse/define-command"
. 
. Defining command \CTEXindent with sig. '' on line 530.
.................................................
.................................................
. LaTeX info: "xparse/define-command"
. 
. Defining command \CTEXnoindent with sig. '' on line 536.
.................................................

(c:/texlive/2017/texmf-dist/tex/latex/zhnumber/zhnumber.sty
Package: zhnumber 2016/05/14 v2.4 Typesetting numbers with Chinese glyphs
.................................................
. LaTeX info: "xparse/define-command"
. 
. Defining command \zhnumber with sig. '+o+m' on line 50.
.................................................
.................................................
. LaTeX info: "xparse/define-command"
. 
. Defining command \zhnumberwithoptions with sig. '+m+m' on line 57.
.................................................
.................................................
. LaTeX info: "xparse/define-command"
. 
. Defining command \zhnum with sig. '+o+m' on line 111.
.................................................
.................................................
. LaTeX info: "xparse/define-command"
. 
. Defining command \zhnumwithoptions with sig. '+m+m' on line 118.
.................................................
.................................................
. LaTeX info: "xparse/define-command"
. 
. Defining command \zhdig with sig. '+o+m' on line 297.
.................................................
.................................................
. LaTeX info: "xparse/define-command"
. 
. Defining command \zhdigwithoptions with sig. '+m+m' on line 304.
.................................................
.................................................
. LaTeX info: "xparse/define-command"
. 
. Defining command \zhdigits with sig. '+s+o+m' on line 318.
.................................................
.................................................
. LaTeX info: "xparse/define-command"
. 
. Defining command \zhdigitswithoptions with sig. '+m+m+m' on line 325.
.................................................
.................................................
. LaTeX info: "xparse/define-command"
. 
. Defining command \zhdate with sig. '+s+m' on line 384.
.................................................
\l__zhnum_scale_int=\count136
.................................................
. LaTeX info: "xparse/define-command"
. 
. Defining command \zhnumExtendScaleMap with sig. '>{\TrimSpaces }+o+m' on
. line 506.
.................................................
\l__zhnum_byte_min_int=\count137
\l__zhnum_byte_max_int=\count138
.................................................
. LaTeX info: "xparse/define-command"
. 
. Defining command \zhnumsetup with sig. '+m' on line 938.
.................................................

(c:/texlive/2017/texmf-dist/tex/latex/zhnumber/zhnumber-utf8.cfg
File: zhnumber-utf8.cfg 2016/05/14 v2.4 Chinese numerals with UTF8 encoding
))
.................................................
. LaTeX info: "xparse/define-command"
. 
. Defining command \CTEXnumber with sig. 'mm' on line 553.
.................................................
.................................................
. LaTeX info: "xparse/define-command"
. 
. Defining command \CTEXdigits with sig. 'mm' on line 555.
.................................................
.................................................
. LaTeX info: "xparse/define-command"
. 
. Defining command \ctex_assign_heading_name:nn with sig. 'm>{\SplitArgument
. {\c_one }{,}}+m' on line 686.
.................................................
\l__ctex_heading_skip=\skip53
.................................................
. LaTeX info: "xparse/define-command"
. 
. Defining command \partmark with sig. 'm' on line 717.
.................................................
.................................................
. LaTeX info: "xparse/redefine-command"
. 
. Redefining command \refstepcounter with sig. 'm' on line 1208.
.................................................

(c:/texlive/2017/texmf-dist/tex/latex/ctex/scheme/ctex-scheme-chinese-article.d
ef
File: ctex-scheme-chinese-article.def 2017/04/01 v2.4.9 Chinese scheme for arti
cle (CTEX)
 (c:/texlive/2017/texmf-dist/tex/latex/ctex/config/ctex-name-utf8.cfg
File: ctex-name-utf8.cfg 2017/04/01 v2.4.9 Caption with encoding UTF8 (CTEX)
))
.................................................
. LaTeX info: "xparse/define-command"
. 
. Defining command \zihao with sig. 'm' on line 1211.
.................................................

(c:/texlive/2017/texmf-dist/tex/latex/ctex/ctex-c5size.clo
File: ctex-c5size.clo 2017/04/01 v2.4.9 c5size option (CTEX)
)
.................................................
. LaTeX info: "xparse/define-command"
. 
. Defining command \CTeX with sig. '' on line 1315.
.................................................

(c:/texlive/2017/texmf-dist/tex/latex/ctex/fontset/ctex-fontset-windows.def
File: ctex-fontset-windows.def 2017/04/01 v2.4.9 Windows fonts definition (CTEX
)

(c:/texlive/2017/texmf-dist/tex/latex/ctex/fontset/ctex-fontset-windowsnew.def
File: ctex-fontset-windowsnew.def 2017/04/01 v2.4.9 Windows fonts definition fo
r Vista or later version (CTEX)

(c:/texlive/2017/texmf-dist/tex/generic/ctex/zhwindowsfonts.tex
File: zhwindowsfonts.tex 2017/04/01 v2.4.9 Windows font map loader for pdfTeX a
nd DVIPDFMx (CTEX)
{c:/texlive/2017/texmf-var/fonts/map/pdftex/updmap/pdftex.map}{UGBK.sfd}{Unicod
e.sfd})
.................................................
. LaTeX info: "xparse/define-command"
. 
. Defining command \songti with sig. '' on line 110.
.................................................
.................................................
. LaTeX info: "xparse/define-command"
. 
. Defining command \heiti with sig. '' on line 111.
.................................................
.................................................
. LaTeX info: "xparse/define-command"
. 
. Defining command \fangsong with sig. '' on line 112.
.................................................
.................................................
. LaTeX info: "xparse/define-command"
. 
. Defining command \kaishu with sig. '' on line 113.
.................................................
.................................................
. LaTeX info: "xparse/define-command"
. 
. Defining command \lishu with sig. '' on line 114.
.................................................
.................................................
. LaTeX info: "xparse/define-command"
. 
. Defining command \youyuan with sig. '' on line 115.
.................................................
.................................................
. LaTeX info: "xparse/define-command"
. 
. Defining command \yahei with sig. '' on line 116.
.................................................
)))
(c:/texlive/2017/texmf-dist/tex/latex/ctex/config/ctex.cfg
File: ctex.cfg 2017/04/01 v2.4.9 Configuration file (CTEX)
)
(c:/texlive/2017/texmf-dist/tex/latex/listings/listings.sty
(c:/texlive/2017/texmf-dist/tex/latex/graphics/keyval.sty
Package: keyval 2014/10/28 v1.15 key=value parser (DPC)
\KV@toks@=\toks17
)
\lst@mode=\count139
\lst@gtempboxa=\box49
\lst@token=\toks18
\lst@length=\count140
\lst@currlwidth=\dimen143
\lst@column=\count141
\lst@pos=\count142
\lst@lostspace=\dimen144
\lst@width=\dimen145
\lst@newlines=\count143
\lst@lineno=\count144
\lst@maxwidth=\dimen146

(c:/texlive/2017/texmf-dist/tex/latex/listings/lstmisc.sty
File: lstmisc.sty 2015/06/04 1.6 (Carsten Heinz)
\c@lstnumber=\count145
\lst@skipnumbers=\count146
\lst@framebox=\box50
)
(c:/texlive/2017/texmf-dist/tex/latex/listings/listings.cfg
File: listings.cfg 2015/06/04 1.6 listings configuration
))
Package: listings 2015/06/04 1.6 (Carsten Heinz)
 (./mcode.sty
-- Package: `mcode' 2.7 <2015/11/11> --
Package: mcode 2015/11/11 2.7
 - settings optimized for display (colour formating)
 - line numbering enabled
 - framed listings
(c:/texlive/2017/texmf-dist/tex/latex/xcolor/xcolor.sty
Package: xcolor 2016/05/11 v2.12 LaTeX color extensions (UK)

(c:/texlive/2017/texmf-dist/tex/latex/graphics-cfg/color.cfg
File: color.cfg 2016/01/02 v1.6 sample color configuration
)
Package xcolor Info: Driver file: pdftex.def on input line 225.

(c:/texlive/2017/texmf-dist/tex/latex/graphics-def/pdftex.def
File: pdftex.def 2017/01/12 v0.06k Graphics/color for pdfTeX

(c:/texlive/2017/texmf-dist/tex/generic/oberdiek/infwarerr.sty
Package: infwarerr 2016/05/16 v1.4 Providing info/warning/error messages (HO)
)
(c:/texlive/2017/texmf-dist/tex/generic/oberdiek/ltxcmds.sty
Package: ltxcmds 2016/05/16 v1.23 LaTeX kernel commands for general use (HO)
)
\Gread@gobject=\count147
)
Package xcolor Info: Model `cmy' substituted by `cmy0' on input line 1348.
Package xcolor Info: Model `hsb' substituted by `rgb' on input line 1352.
Package xcolor Info: Model `RGB' extended on input line 1364.
Package xcolor Info: Model `HTML' substituted by `rgb' on input line 1366.
Package xcolor Info: Model `Hsb' substituted by `hsb' on input line 1367.
Package xcolor Info: Model `tHsb' substituted by `hsb' on input line 1368.
Package xcolor Info: Model `HSB' substituted by `hsb' on input line 1369.
Package xcolor Info: Model `Gray' substituted by `gray' on input line 1370.
Package xcolor Info: Model `wave' substituted by `hsb' on input line 1371.
))
(c:/texlive/2017/texmf-dist/tex/latex/graphics/graphicx.sty
Package: graphicx 2014/10/28 v1.0g Enhanced LaTeX Graphics (DPC,SPQR)

(c:/texlive/2017/texmf-dist/tex/latex/graphics/graphics.sty
Package: graphics 2017/04/14 v1.1b Standard LaTeX Graphics (DPC,SPQR)

(c:/texlive/2017/texmf-dist/tex/latex/graphics/trig.sty
Package: trig 2016/01/03 v1.10 sin cos tan (DPC)
)
(c:/texlive/2017/texmf-dist/tex/latex/graphics-cfg/graphics.cfg
File: graphics.cfg 2016/06/04 v1.11 sample graphics configuration
)
Package graphics Info: Driver file: pdftex.def on input line 99.
)
\Gin@req@height=\dimen147
\Gin@req@width=\dimen148
)
(c:/texlive/2017/texmf-dist/tex/latex/geometry/geometry.sty
Package: geometry 2010/09/12 v5.6 Page Geometry

(c:/texlive/2017/texmf-dist/tex/generic/oberdiek/ifvtex.sty
Package: ifvtex 2016/05/16 v1.6 Detect VTeX and its facilities (HO)
Package ifvtex Info: VTeX not detected.
)
(c:/texlive/2017/texmf-dist/tex/generic/ifxetex/ifxetex.sty
Package: ifxetex 2010/09/12 v0.6 Provides ifxetex conditional
)
\Gm@cnth=\count148
\Gm@cntv=\count149
\c@Gm@tempcnt=\count150
\Gm@bindingoffset=\dimen149
\Gm@wd@mp=\dimen150
\Gm@odd@mp=\dimen151
\Gm@even@mp=\dimen152
\Gm@layoutwidth=\dimen153
\Gm@layoutheight=\dimen154
\Gm@layouthoffset=\dimen155
\Gm@layoutvoffset=\dimen156
\Gm@dimlist=\toks19
)
(c:/texlive/2017/texmf-dist/tex/latex/hyperref/hyperref.sty
Package: hyperref 2017/03/14 v6.85a Hypertext links for LaTeX

(c:/texlive/2017/texmf-dist/tex/generic/oberdiek/hobsub-hyperref.sty
Package: hobsub-hyperref 2016/05/16 v1.14 Bundle oberdiek, subset hyperref (HO)


(c:/texlive/2017/texmf-dist/tex/generic/oberdiek/hobsub-generic.sty
Package: hobsub-generic 2016/05/16 v1.14 Bundle oberdiek, subset generic (HO)
Package: hobsub 2016/05/16 v1.14 Construct package bundles (HO)
Package hobsub Info: Skipping package `infwarerr' (already loaded).
Package hobsub Info: Skipping package `ltxcmds' (already loaded).
Package: ifluatex 2016/05/16 v1.4 Provides the ifluatex switch (HO)
Package ifluatex Info: LuaTeX not detected.
Package hobsub Info: Skipping package `ifvtex' (already loaded).
Package: intcalc 2016/05/16 v1.2 Expandable calculations with integers (HO)
Package hobsub Info: Skipping package `ifpdf' (already loaded).
Package: etexcmds 2016/05/16 v1.6 Avoid name clashes with e-TeX commands (HO)
Package etexcmds Info: Could not find \expanded.
(etexcmds)             That can mean that you are not using pdfTeX 1.50 or
(etexcmds)             that some package has redefined \expanded.
(etexcmds)             In the latter case, load this package earlier.
Package: kvsetkeys 2016/05/16 v1.17 Key value parser (HO)
Package: kvdefinekeys 2016/05/16 v1.4 Define keys (HO)
Package: pdftexcmds 2017/03/19 v0.25 Utility functions of pdfTeX for LuaTeX (HO
)
Package pdftexcmds Info: LuaTeX not detected.
Package pdftexcmds Info: \pdf@primitive is available.
Package pdftexcmds Info: \pdf@ifprimitive is available.
Package pdftexcmds Info: \pdfdraftmode found.
Package: pdfescape 2016/05/16 v1.14 Implements pdfTeX's escape features (HO)
Package: bigintcalc 2016/05/16 v1.4 Expandable calculations on big integers (HO
)
Package: bitset 2016/05/16 v1.2 Handle bit-vector datatype (HO)
Package: uniquecounter 2016/05/16 v1.3 Provide unlimited unique counter (HO)
)
Package hobsub Info: Skipping package `hobsub' (already loaded).
Package: letltxmacro 2016/05/16 v1.5 Let assignment for LaTeX macros (HO)
Package: hopatch 2016/05/16 v1.3 Wrapper for package hooks (HO)
Package: xcolor-patch 2016/05/16 xcolor patch
Package: atveryend 2016/05/16 v1.9 Hooks at the very end of document (HO)
Package atveryend Info: \enddocument detected (standard20110627).
Package: atbegshi 2016/06/09 v1.18 At begin shipout hook (HO)
Package: refcount 2016/05/16 v3.5 Data extraction from label references (HO)
Package: hycolor 2016/05/16 v1.8 Color options for hyperref/bookmark (HO)
)
(c:/texlive/2017/texmf-dist/tex/latex/oberdiek/auxhook.sty
Package: auxhook 2016/05/16 v1.4 Hooks for auxiliary files (HO)
)
(c:/texlive/2017/texmf-dist/tex/latex/oberdiek/kvoptions.sty
Package: kvoptions 2016/05/16 v3.12 Key value format for package options (HO)
)
\@linkdim=\dimen157
\Hy@linkcounter=\count151
\Hy@pagecounter=\count152

(c:/texlive/2017/texmf-dist/tex/latex/hyperref/pd1enc.def
File: pd1enc.def 2017/03/14 v6.85a Hyperref: PDFDocEncoding definition (HO)
Now handling font encoding PD1 ...
... no UTF-8 mapping file for font encoding PD1
)
\Hy@SavedSpaceFactor=\count153

(c:/texlive/2017/texmf-dist/tex/latex/latexconfig/hyperref.cfg
File: hyperref.cfg 2002/06/06 v1.2 hyperref configuration of TeXLive
)
Package hyperref Info: Option `unicode' set `true' on input line 4374.

(c:/texlive/2017/texmf-dist/tex/latex/hyperref/puenc.def
File: puenc.def 2017/03/14 v6.85a Hyperref: PDF Unicode definition (HO)
Now handling font encoding PU ...
... no UTF-8 mapping file for font encoding PU
)
Package hyperref Info: Hyper figures OFF on input line 4498.
Package hyperref Info: Link nesting OFF on input line 4503.
Package hyperref Info: Hyper index ON on input line 4506.
Package hyperref Info: Plain pages OFF on input line 4513.
Package hyperref Info: Backreferencing OFF on input line 4518.
Package hyperref Info: Implicit mode ON; LaTeX internals redefined.
Package hyperref Info: Bookmarks ON on input line 4751.
\c@Hy@tempcnt=\count154

(c:/texlive/2017/texmf-dist/tex/latex/url/url.sty
\Urlmuskip=\muskip16
Package: url 2013/09/16  ver 3.4  Verb mode for urls, etc.
)
LaTeX Info: Redefining \url on input line 5104.
\XeTeXLinkMargin=\dimen158
\Fld@menulength=\count155
\Field@Width=\dimen159
\Fld@charsize=\dimen160
Package hyperref Info: Hyper figures OFF on input line 6358.
Package hyperref Info: Link nesting OFF on input line 6363.
Package hyperref Info: Hyper index ON on input line 6366.
Package hyperref Info: backreferencing OFF on input line 6373.
Package hyperref Info: Link coloring OFF on input line 6378.
Package hyperref Info: Link coloring with OCG OFF on input line 6383.
Package hyperref Info: PDF/A mode OFF on input line 6388.
LaTeX Info: Redefining \ref on input line 6428.
LaTeX Info: Redefining \pageref on input line 6432.
\Hy@abspage=\count156
\c@Item=\count157
\c@Hfootnote=\count158
)

Package hyperref Message: Driver (autodetected): hpdftex.

(c:/texlive/2017/texmf-dist/tex/latex/hyperref/hpdftex.def
File: hpdftex.def 2017/03/14 v6.85a Hyperref driver for pdfTeX
\Fld@listcount=\count159
\c@bookmark@seq@number=\count160

(c:/texlive/2017/texmf-dist/tex/latex/oberdiek/rerunfilecheck.sty
Package: rerunfilecheck 2016/05/16 v1.8 Rerun checks for auxiliary files (HO)
Package uniquecounter Info: New unique counter `rerunfilecheck' on input line 2
82.
)
\Hy@SectionHShift=\skip54
)
(c:/texlive/2017/texmf-dist/tex/latex/subfig/subfig.sty
Package: subfig 2005/06/28 ver: 1.3 subfig package

(c:/texlive/2017/texmf-dist/tex/latex/caption/caption.sty
Package: caption 2016/02/21 v3.3-144 Customizing captions (AR)

(c:/texlive/2017/texmf-dist/tex/latex/caption/caption3.sty
Package: caption3 2016/05/22 v1.7-166 caption3 kernel (AR)
Package caption3 Info: TeX engine: e-TeX on input line 67.
\captionmargin=\dimen161
\captionmargin@=\dimen162
\captionwidth=\dimen163
\caption@tempdima=\dimen164
\caption@indent=\dimen165
\caption@parindent=\dimen166
\caption@hangindent=\dimen167
)
\c@ContinuedFloat=\count161
Package caption Info: hyperref package is loaded.
Package caption Info: listings package is loaded.
)
\c@KVtest=\count162
\sf@farskip=\skip55
\sf@captopadj=\dimen168
\sf@capskip=\skip56
\sf@nearskip=\skip57
\c@subfigure=\count163
\c@subfigure@save=\count164
\c@lofdepth=\count165
\c@subtable=\count166
\c@subtable@save=\count167
\c@lotdepth=\count168
\sf@top=\skip58
\sf@bottom=\skip59
)
(c:/texlive/2017/texmf-dist/tex/latex/float/float.sty
Package: float 2001/11/08 v1.3d Float enhancements (AL)
\c@float@type=\count169
\float@exts=\toks20
\float@box=\box51
\@float@everytoks=\toks21
\@floatcapt=\box52
)
(c:/texlive/2017/texmf-dist/tex/latex/booktabs/booktabs.sty
Package: booktabs 2016/04/27 v1.618033 publication quality tables
\heavyrulewidth=\dimen169
\lightrulewidth=\dimen170
\cmidrulewidth=\dimen171
\belowrulesep=\dimen172
\belowbottomsep=\dimen173
\aboverulesep=\dimen174
\abovetopsep=\dimen175
\cmidrulesep=\dimen176
\cmidrulekern=\dimen177
\defaultaddspace=\dimen178
\@cmidla=\count170
\@cmidlb=\count171
\@aboverulesep=\dimen179
\@belowrulesep=\dimen180
\@thisruleclass=\count172
\@lastruleclass=\count173
\@thisrulewidth=\dimen181
)
(c:/texlive/2017/texmf-dist/tex/latex/cite/cite.sty
LaTeX Info: Redefining \cite on input line 302.
LaTeX Info: Redefining \nocite on input line 332.
Package: cite 2015/02/27  v 5.5
)
*************************************************
* ctex warning: "deprecated-command"
* 
* Command \CTEXsetup is deprecated.
* \ctexset { section = { format={\Large \bfseries } } } is set.
*************************************************
(c:/texlive/2017/texmf-dist/tex/latex/cjk/texinput/utf8/UTF8.bdg
File: UTF8.bdg 2015/04/18 4.8.4
)
(c:/texlive/2017/texmf-dist/tex/latex/cjk/texinput/utf8/UTF8.enc
File: UTF8.enc 2015/04/18 4.8.4
)
(c:/texlive/2017/texmf-dist/tex/latex/cjk/texinput/utf8/UTF8.chr
File: UTF8.chr 2015/04/18 4.8.4
)
(./Drift Report.aux

LaTeX Warning: Label `' multiply defined.


LaTeX Warning: Label `' multiply defined.


LaTeX Warning: Label `' multiply defined.


LaTeX Warning: Label `fig3' multiply defined.


LaTeX Warning: Label `1a' multiply defined.


LaTeX Warning: Label `1b' multiply defined.


LaTeX Warning: Label `1a' multiply defined.


LaTeX Warning: Label `1b' multiply defined.


LaTeX Warning: Label `fig10' multiply defined.

)
\openout1 = `"Drift Report.aux"'.

LaTeX Font Info:    Checking defaults for OML/cmm/m/it on input line 83.
LaTeX Font Info:    ... okay on input line 83.
LaTeX Font Info:    Checking defaults for T1/cmr/m/n on input line 83.
LaTeX Font Info:    ... okay on input line 83.
LaTeX Font Info:    Checking defaults for OT1/cmr/m/n on input line 83.
LaTeX Font Info:    ... okay on input line 83.
LaTeX Font Info:    Checking defaults for OMS/cmsy/m/n on input line 83.
LaTeX Font Info:    ... okay on input line 83.
LaTeX Font Info:    Checking defaults for OMX/cmex/m/n on input line 83.
LaTeX Font Info:    ... okay on input line 83.
LaTeX Font Info:    Checking defaults for U/cmr/m/n on input line 83.
LaTeX Font Info:    ... okay on input line 83.
LaTeX Font Info:    Checking defaults for TS1/cmr/m/n on input line 83.
LaTeX Font Info:    ... okay on input line 83.
LaTeX Font Info:    Checking defaults for C00/song/m/n on input line 83.
LaTeX Font Info:    ... okay on input line 83.
LaTeX Font Info:    Checking defaults for C05/song/m/n on input line 83.
LaTeX Font Info:    ... okay on input line 83.
LaTeX Font Info:    Checking defaults for C09/song/m/n on input line 83.
LaTeX Font Info:    ... okay on input line 83.
LaTeX Font Info:    Checking defaults for C10/song/m/n on input line 83.
LaTeX Font Info:    ... okay on input line 83.
LaTeX Font Info:    Checking defaults for C20/song/m/n on input line 83.
LaTeX Font Info:    ... okay on input line 83.
LaTeX Font Info:    Checking defaults for C19/song/m/n on input line 83.
LaTeX Font Info:    ... okay on input line 83.
LaTeX Font Info:    Checking defaults for C40/song/m/n on input line 83.
LaTeX Font Info:    ... okay on input line 83.
LaTeX Font Info:    Checking defaults for C42/song/m/n on input line 83.
LaTeX Font Info:    ... okay on input line 83.
LaTeX Font Info:    Checking defaults for C43/song/m/n on input line 83.
LaTeX Font Info:    ... okay on input line 83.
LaTeX Font Info:    Checking defaults for C50/song/m/n on input line 83.
LaTeX Font Info:    ... okay on input line 83.
LaTeX Font Info:    Checking defaults for C52/song/m/n on input line 83.
LaTeX Font Info:    ... okay on input line 83.
LaTeX Font Info:    Checking defaults for C49/song/m/n on input line 83.
LaTeX Font Info:    ... okay on input line 83.
LaTeX Font Info:    Checking defaults for C60/mj/m/n on input line 83.
LaTeX Font Info:    ... okay on input line 83.
LaTeX Font Info:    Checking defaults for C61/mj/m/n on input line 83.
LaTeX Font Info:    ... okay on input line 83.
LaTeX Font Info:    Checking defaults for C63/mj/m/n on input line 83.
LaTeX Font Info:    ... okay on input line 83.
LaTeX Font Info:    Checking defaults for C64/mj/m/n on input line 83.
LaTeX Font Info:    ... okay on input line 83.
LaTeX Font Info:    Checking defaults for C65/mj/m/n on input line 83.
LaTeX Font Info:    ... okay on input line 83.
LaTeX Font Info:    Checking defaults for C70/song/m/n on input line 83.
LaTeX Font Info:    ... okay on input line 83.
LaTeX Font Info:    Checking defaults for C31/song/m/n on input line 83.
LaTeX Font Info:    ... okay on input line 83.
LaTeX Font Info:    Checking defaults for C32/song/m/n on input line 83.
LaTeX Font Info:    ... okay on input line 83.
LaTeX Font Info:    Checking defaults for C33/song/m/n on input line 83.
LaTeX Font Info:    ... okay on input line 83.
LaTeX Font Info:    Checking defaults for C34/song/m/n on input line 83.
LaTeX Font Info:    ... okay on input line 83.
LaTeX Font Info:    Checking defaults for C35/song/m/n on input line 83.
LaTeX Font Info:    ... okay on input line 83.
LaTeX Font Info:    Checking defaults for C36/song/m/n on input line 83.
LaTeX Font Info:    ... okay on input line 83.
LaTeX Font Info:    Checking defaults for C37/song/m/n on input line 83.
LaTeX Font Info:    ... okay on input line 83.
LaTeX Font Info:    Checking defaults for C80/song/m/n on input line 83.
LaTeX Font Info:    ... okay on input line 83.
LaTeX Font Info:    Checking defaults for C81/song/m/n on input line 83.
LaTeX Font Info:    ... okay on input line 83.
LaTeX Font Info:    Checking defaults for C01/song/m/n on input line 83.
LaTeX Font Info:    ... okay on input line 83.
LaTeX Font Info:    Checking defaults for C11/song/m/n on input line 83.
LaTeX Font Info:    ... okay on input line 83.
LaTeX Font Info:    Checking defaults for C21/song/m/n on input line 83.
LaTeX Font Info:    ... okay on input line 83.
LaTeX Font Info:    Checking defaults for C41/song/m/n on input line 83.
LaTeX Font Info:    ... okay on input line 83.
LaTeX Font Info:    Checking defaults for C62/song/m/n on input line 83.
LaTeX Font Info:    ... okay on input line 83.
LaTeX Font Info:    Checking defaults for PD1/pdf/m/n on input line 83.
LaTeX Font Info:    ... okay on input line 83.
LaTeX Font Info:    Checking defaults for PU/pdf/m/n on input line 83.
LaTeX Font Info:    ... okay on input line 83.
 ABD: EverySelectfont initializing macros
LaTeX Info: Redefining \selectfont on input line 83.
\c@lstlisting=\count174

(c:/texlive/2017/texmf-dist/tex/context/base/mkii/supp-pdf.mkii
[Loading MPS to PDF converter (version 2006.09.02).]
\scratchcounter=\count175
\scratchdimen=\dimen182
\scratchbox=\box53
\nofMPsegments=\count176
\nofMParguments=\count177
\everyMPshowfont=\toks22
\MPscratchCnt=\count178
\MPscratchDim=\dimen183
\MPnumerator=\count179
\makeMPintoPDFobject=\count180
\everyMPtoPDFconversion=\toks23
) (c:/texlive/2017/texmf-dist/tex/latex/oberdiek/epstopdf-base.sty
Package: epstopdf-base 2016/05/15 v2.6 Base part for package epstopdf

(c:/texlive/2017/texmf-dist/tex/latex/oberdiek/grfext.sty
Package: grfext 2016/05/16 v1.2 Manage graphics extensions (HO)
)
Package epstopdf-base Info: Redefining graphics rule for `.eps' on input line 4
38.
Package grfext Info: Graphics extension search list:
(grfext)             [.png,.pdf,.jpg,.mps,.jpeg,.jbig2,.jb2,.PNG,.PDF,.JPG,.JPE
G,.JBIG2,.JB2,.eps]
(grfext)             \AppendGraphicsExtensions on input line 456.

(c:/texlive/2017/texmf-dist/tex/latex/latexconfig/epstopdf-sys.cfg
File: epstopdf-sys.cfg 2010/07/13 v1.3 Configuration of (r)epstopdf for TeX Liv
e
))
*geometry* driver: auto-detecting
*geometry* detected driver: pdftex
*geometry* verbose mode - [ preamble ] result:
* driver: pdftex
* paper: a4paper
* layout: <same size as paper>
* layoutoffset:(h,v)=(0.0pt,0.0pt)
* modes: 
* h-part:(L,W,R)=(85.35826pt, 426.79135pt, 85.35826pt)
* v-part:(T,H,B)=(85.35826pt, 674.33032pt, 85.35826pt)
* \paperwidth=597.50787pt
* \paperheight=845.04684pt
* \textwidth=426.79135pt
* \textheight=674.33032pt
* \oddsidemargin=13.08827pt
* \evensidemargin=13.08827pt
* \topmargin=-23.91173pt
* \headheight=12.0pt
* \headsep=25.0pt
* \topskip=10.0pt
* \footskip=30.0pt
* \marginparwidth=65.0pt
* \marginparsep=11.0pt
* \columnsep=10.0pt
* \skip\footins=9.0pt plus 4.0pt minus 2.0pt
* \hoffset=0.0pt
* \voffset=0.0pt
* \mag=1000
* \@twocolumnfalse
* \@twosidefalse
* \@mparswitchfalse
* \@reversemarginfalse
* (1in=72.27pt=25.4mm, 1cm=28.453pt)

\AtBeginShipoutBox=\box54
Package hyperref Info: Link coloring OFF on input line 83.
(c:/texlive/2017/texmf-dist/tex/latex/hyperref/nameref.sty
Package: nameref 2016/05/21 v2.44 Cross-referencing by name of section

(c:/texlive/2017/texmf-dist/tex/generic/oberdiek/gettitlestring.sty
Package: gettitlestring 2016/05/16 v1.5 Cleanup title references (HO)
)
\c@section@level=\count181
)
LaTeX Info: Redefining \ref on input line 83.
LaTeX Info: Redefining \pageref on input line 83.
LaTeX Info: Redefining \nameref on input line 83.

(./Drift Report.out) (./Drift Report.out)
\@outlinefile=\write3
\openout3 = `"Drift Report.out"'.

Package caption Info: Begin \AtBeginDocument code.
Package caption Info: subfig package v1.3 is loaded.
Package caption Info: float package is loaded.
Package caption Info: End \AtBeginDocument code.

<F0.png, id=116, 798.985pt x 335.2525pt>
File: F0.png Graphic file (type png)
 <use F0.png>
Package pdftex.def Info: F0.png used on input line 85.
(pdftex.def)             Requested size: 469.47308pt x 196.989pt.

Overfull \hbox (42.68173pt too wide) in paragraph at lines 85--85
 [][] 
 []

LaTeX Font Info:    Try loading font information for C70+rm on input line 85.
(c:/texlive/2017/texmf-dist/tex/latex/ctex/fd/c70rm.fd
File: c70rm.fd 2017/04/01 v2.4.9 Chinese font definition (CTEX)
)
Package CJKpunct Info: use punctuation spaces for family 'rm' with punctstyle (
quanjiao) on input line 85.
LaTeX Font Info:    External font `cmex10' loaded for size
(Font)              <12.045> on input line 85.
LaTeX Font Info:    External font `cmex10' loaded for size
(Font)              <8> on input line 85.
LaTeX Font Info:    External font `cmex10' loaded for size
(Font)              <6> on input line 85.

(c:/texlive/2017/texmf-dist/tex/generic/ctex/zhwindowsfonts.tex
File: zhwindowsfonts.tex 2017/04/01 v2.4.9 Windows font map loader for pdfTeX a
nd DVIPDFMx (CTEX)
) [1

 <./F0.png>]
Overfull \hbox (26.34964pt too wide) in paragraph at lines 93--94
[]\OT1/cmr/m/n/9.03374 This work is to re-al-ize the wire-less charg-ing trans-
mis-sion man-age-ment through the single-chip MSP430G2553,
 []

[2] (./Drift Report.toc
LaTeX Font Info:    External font `cmex10' loaded for size
(Font)              <10.53937> on input line 2.
LaTeX Font Info:    External font `cmex10' loaded for size
(Font)              <7> on input line 2.
LaTeX Font Info:    External font `cmex10' loaded for size
(Font)              <5> on input line 2.
)
\tf@toc=\write4
\openout4 = `"Drift Report.toc"'.

 [3] [4] <F1.png, id=344, 332.24126pt x 223.83624pt>
File: F1.png Graphic file (type png)

<use F1.png>
Package pdftex.def Info: F1.png used on input line 133.
(pdftex.def)             Requested size: 192.0548pt x 129.39134pt.
 <F2.png, id=345, 178.6675pt x 150.06062pt>
File: F2.png Graphic file (type png)
 <use F2.png>
Package pdftex.def Info: F2.png used on input line 135.
(pdftex.def)             Requested size: 119.50105pt x 100.36836pt.
 [5 <./F1.png> <./F2.png>]
Overfull \hbox (15.51082pt too wide) in paragraph at lines 165--166
[]\C70/rm/m/n/10.53937/65  \C70/rm/m/n/10.53937/68 H \C70/rm/m/n/10.53937/4e ^
^@|\C70/rm/m/n/10.53937/ff ^^Z| \C70/rm/m/n/10.53937/91  \C70/rm/m/n/10.53937/
75 (\OT1/cmr/m/n/10.53937 TI\C70/rm/m/n/10.53937/51 l \C70/rm/m/n/10.53937/53 
 \C70/rm/m/n/10.53937/75 ^^_ \C70/rm/m/n/10.53937/4e  \C70/rm/m/n/10.53937/76 
\OT1/cmr/m/n/10.53937 LM2596\C70/rm/m/n/10.53937/4f \ \C70/rm/m/n/10.53937/4e 
: \C70/rm/m/n/10.53937/67 , \C70/rm/m/n/10.53937/8b   \C70/rm/m/n/10.53937/7e
  \C70/rm/m/n/10.53937/5c ^^O \C70/rm/m/n/10.53937/8f f \C70/rm/m/n/10.53937/5
2 M \C70/rm/m/n/10.53937/8f  \C70/rm/m/n/10.53937/4f  \C70/rm/m/n/10.53937/75
 5 \C70/rm/m/n/10.53937/76  \C70/rm/m/n/10.53937/75 5 \C70/rm/m/n/10.53937/6e 
 \C70/rm/m/n/10.53937/7b  \C70/rm/m/n/10.53937/74 ^^F \C70/rm/m/n/10.53937/82
  \C70/rm/m/n/10.53937/72 G|\C70/rm/m/n/10.53937/ff ^^L| \OT1/cmr/m/n/10.53937
 LM2596\C70/rm/m/n/10.53937/66 /
 []


Overfull \hbox (0.84335pt too wide) in paragraph at lines 180--181
\C70/rm/m/n/10.53937/6c  \C70/rm/m/n/10.53937/5b  \C70/rm/m/n/10.53937/66 ^^S
 \C70/rm/m/n/10.53937/63  \C70/rm/m/n/10.53937/52 6 \C70/rm/m/n/10.53937/75 5 
\C70/rm/m/n/10.53937/67 : \C70/rm/m/n/10.53937/6b c \C70/rm/m/n/10.53937/53  \
C70/rm/m/n/10.53937/8f l \C70/rm/m/n/10.53937/54  \C70/rm/m/n/10.53937/5b  \C
70/rm/m/n/10.53937/76  \C70/rm/m/n/10.53937/8f l \C70/rm/m/n/10.53937/90 ^^_|\
C70/rm/m/n/10.53937/ff ^^L| \C70/rm/m/n/10.53937/53  \C70/rm/m/n/10.53937/4f ^
^? \C70/rm/m/n/10.53937/75 5 \C70/rm/m/n/10.53937/67 : \C70/rm/m/n/10.53937/59 
^^D \C70/rm/m/n/10.53937/4e  \C70/rm/m/n/10.53937/59 ^^Z \C70/rm/m/n/10.53937/
79  \C70/rm/m/n/10.53937/8f l \C70/rm/m/n/10.53937/90 ^^_ \C70/rm/m/n/10.53937
/72  \C70/rm/m/n/10.53937/60 ^^A|\C70/rm/m/n/10.53937/30 ^^B| \C70/rm/m/n/10.5
3937/4f F \C70/rm/m/n/10.53937/75 5 \C70/rm/m/n/10.53937/6e  \C70/rm/m/n/10.53
937/75 5 \C70/rm/m/n/10.53937/53  \C70/rm/m/n/10.53937/8f  \C70/rm/m/n/10.539
37/5c ^^O|\C70/rm/m/n/10.53937/ff ^^L| \OT1/cmr/m/n/10.53937 L298N\C70/rm/m/n/1
0.53937/9a q
 []

[6]
Overfull \hbox (19.08234pt too wide) in paragraph at lines 199--200
[]\C70/rm/m/n/10.53937/65  \C70/rm/m/n/10.53937/68 H \C70/rm/m/n/10.53937/4e 
|\C70/rm/m/n/10.53937/ff ^^Z| \C70/rm/m/n/10.53937/91  \C70/rm/m/n/10.53937/75
 ( \OT1/cmr/m/n/10.53937 STM32\C70/rm/m/n/10.53937/4e : ; \C70/rm/m/n/10.53937/
63  \C70/rm/m/n/10.53937/52 6 \C70/rm/m/n/10.53937/56 h|\C70/rm/m/n/10.53937/3
0 ^^B| \OT1/cmr/m/n/10.53937 STM32\C70/rm/m/n/10.53937/4e ; \C70/rm/m/n/10.5393
7/98  \C70/rm/m/n/10.53937/9a |\C70/rm/m/n/10.53937/ff ^^L| \C70/rm/m/n/10.53
937/59 ^^V \C70/rm/m/n/10.53937/8b  \C70/rm/m/n/10.53937/4e 0 \C70/rm/m/n/10.5
3937/5b |\C70/rm/m/n/10.53937/ff ^^L| \C70/rm/m/n/10.53937/8f  \C70/rm/m/n/10
.53937/7b  \C70/rm/m/n/10.53937/80  \C70/rm/m/n/10.53937/52  \C70/rm/m/n/10.
53937/5f : \C70/rm/m/n/10.53937/59 '|\C70/rm/m/n/10.53937/30 ^^B| \C70/rm/m/n/1
0.53937/80 ^^L \C70/rm/m/n/10.53937/4e ^^T\OT1/cmr/m/n/10.53937 STM32\C70/rm/m/
n/10.53937/75 (
 []

<F3-1.png, id=377, 422.57875pt x 213.79875pt>
File: F3-1.png Graphic file (type png)
 <use F3-1.png>
Package pdftex.def Info: F3-1.png used on input line 210.
(pdftex.def)             Requested size: 204.85802pt x 103.64659pt.

<F3-2.png, id=378, 412.54124pt x 217.81375pt>
File: F3-2.png Graphic file (type png)
 <use F3-2.png>
Package pdftex.def Info: F3-2.png used on input line 212.
(pdftex.def)             Requested size: 204.85802pt x 108.16211pt.

Overfull \hbox (15.72923pt too wide) in paragraph at lines 207--216
[]\C70/rm/m/n/10.53937/75 1 \C70/rm/m/n/10.53937/4e  \C70/rm/m/n/10.53937/8d [
 \C70/rm/m/n/10.53937/98  \C70/rm/m/n/10.53937/89  \C70/rm/m/n/10.53937/6c B 
\C70/rm/m/n/10.53937/53  \C70/rm/m/n/10.53937/80  \C70/rm/m/n/10.53937/90 	 \
C70/rm/m/n/10.53937/75 ( \OT1/cmr/m/n/10.53937 TI \C70/rm/m/n/10.53937/51 l \C7
0/rm/m/n/10.53937/53  \C70/rm/m/n/10.53937/76  \C70/rm/m/n/10.53937/59 ^^D \C
70/rm/m/n/10.53937/74 ^^F \C70/rm/m/n/10.53937/56 h \C70/rm/m/n/10.53937/4f \ \
C70/rm/m/n/10.53937/4e : ; \C70/rm/m/n/10.53937/63 |\C70/rm/m/n/10.53937/ff ^^
L| \C70/rm/m/n/10.53937/57 ( \C70/rm/m/n/10.53937/7e  \C70/rm/m/n/10.53937/54 
^^H \C70/rm/m/n/10.53937/4e K \C70/rm/m/n/10.53937/54 ^^N|\C70/rm/m/n/10.53937/
ff ^^L| \C70/rm/m/n/10.53937/67 ^^@ \C70/rm/m/n/10.53937/7e  \C70/rm/m/n/10.53
937/90 	 \C70/rm/m/n/10.53937/62  \OT1/cmr/m/n/10.53937 MSP430G2553\C70/rm/m/n
/10.53937/53 U
 []

<F4.png, id=379, 826.08624pt x 412.54124pt>
File: F4.png Graphic file (type png)
 <use F4.png>
Package pdftex.def Info: F4.png used on input line 224.
(pdftex.def)             Requested size: 298.75264pt x 149.19458pt.
 [7 <./F3-1.png> <./F3-2.png>] <F5.png, id=392, 750.805pt x 625.33624pt>
File: F5.png Graphic file (type png)
 <use F5.png>
Package pdftex.def Info: F5.png used on input line 231.
(pdftex.def)             Requested size: 384.1096pt x 319.9287pt.
 [8 <./F4.png> <./F5.png>] <F6.png, id=402, 651.43375pt x 308.15125pt>
File: F6.png Graphic file (type png)
 <use F6.png>
Package pdftex.def Info: F6.png used on input line 242.
(pdftex.def)             Requested size: 170.71393pt x 80.7522pt.

Overfull \hbox (12.03268pt too wide) in paragraph at lines 240--245
\C70/rm/m/n/10.53937/4f ^^X \C70/rm/m/n/10.53937/4e  \C70/rm/m/n/10.53937/5e 8
 \C70/rm/m/n/10.53937/89  \C70/rm/m/n/10.53937/4e 2 \C70/rm/m/n/10.53937/80 T 
\C70/rm/m/n/10.53937/8c ^^P \C70/rm/m/n/10.53937/63 / \C70/rm/m/n/10.53937/53 
 \C70/rm/m/n/10.53937/63 b \C70/rm/m/n/10.53937/56 h \C70/rm/m/n/10.53937/54  
\C70/rm/m/n/10.53937/5e v \C70/rm/m/n/10.53937/80 T \C70/rm/m/n/10.53937/8c ^^P
 \C70/rm/m/n/10.53937/63 / \C70/rm/m/n/10.53937/53  \C70/rm/m/n/10.53937/63 b 
\C70/rm/m/n/10.53937/56 h|\C70/rm/m/n/10.53937/ff ^^L| \C70/rm/m/n/10.53937/5e 
v \C70/rm/m/n/10.53937/4e ^^T \C70/rm/m/n/10.53937/57 ( \C70/rm/m/n/10.53937/65
 t \C70/rm/m/n/10.53937/4e * \C70/rm/m/n/10.53937/8f  \C70/rm/m/n/10.53937/88 
L \C70/rm/m/n/10.53937/83 ^^C \C70/rm/m/n/10.53937/56  \C70/rm/m/n/10.53937/51
 |\C70/rm/m/n/10.53937/ff ^^L| \C70/rm/m/n/10.53937/5b  \C70/rm/m/n/10.53937/
73  \C70/rm/m/n/10.53937/96  \C70/rm/m/n/10.53937/75 5 \C70/rm/m/n/10.53937/5
3  \C70/rm/m/n/10.53937/52 ^^G \C70/rm/m/n/10.53937/63 b |\C70/rm/m/n/10.53937
/ff ^^H|\OT1/cmr/m/n/10.53937 ZVS|\C70/rm/m/n/10.53937/ff 	||^^L|
 []

<F7.png, id=404, 796.9775pt x 186.6975pt>
File: F7.png Graphic file (type png)
 <use F7.png>
Package pdftex.def Info: F7.png used on input line 251.
(pdftex.def)             Requested size: 341.43437pt x 79.98209pt.

<F8.png, id=405, 652.23676pt x 327.624pt>
File: F8.png Graphic file (type png)
 <use F8.png>
Package pdftex.def Info: F8.png used on input line 268.
(pdftex.def)             Requested size: 354.2376pt x 177.93913pt.
 [9 <./F6.png> <./F7.png>] <F9-1.png, id=417, 744.7825pt x 453.695pt>
File: F9-1.png Graphic file (type png)
 <use F9-1.png>
Package pdftex.def Info: F9-1.png used on input line 278.
(pdftex.def)             Requested size: 162.18279pt x 98.79555pt.

<F9-2.png, id=418, 631.35875pt x 461.725pt>
File: F9-2.png Graphic file (type png)
 <use F9-2.png>
Package pdftex.def Info: F9-2.png used on input line 280.
(pdftex.def)             Requested size: 162.18279pt x 118.60841pt.
LaTeX Font Info:    Font shape `OT1/cmtt/bx/n' in size <10.53937> not available

(Font)              Font shape `OT1/cmtt/m/n' tried instead on input line 290.
 [10 <./F8.png> <./F9-1.png> <./F9-2.png>] <F10.png, id=446, 451.6875pt x 442.6
5375pt>
File: F10.png Graphic file (type png)

<use F10.png>
Package pdftex.def Info: F10.png used on input line 310.
(pdftex.def)             Requested size: 85.35696pt x 83.64578pt.
 <F11.png, id=447, 472.76625pt x 396.48125pt>
File: F11.png Graphic file (type png)
 <use F11.png>
Package pdftex.def Info: F11.png used on input line 312.
(pdftex.def)             Requested size: 128.0387pt x 107.37805pt.

Overfull \hbox (12.3902pt too wide) in paragraph at lines 325--326
[]\C70/rm/m/n/10.53937/50  \C70/rm/m/n/10.53937/80  \C70/rm/m/n/10.53937/53 
 \C70/rm/m/n/10.53937/65 t \C70/rm/m/n/10.53937/6d A \C70/rm/m/n/10.53937/75 5 
\C70/rm/m/n/10.53937/8d  \C70/rm/m/n/10.53937/4e -|\C70/rm/m/n/10.53937/ff ^^L
| \C70/rm/m/n/10.53937/56 \OT1/cmr/m/n/10.53937 11 (b) \C70/rm/m/n/10.53937/4e
 - \C70/rm/m/n/10.53937/67 ^^@ \C70/rm/m/n/10.53937/53  \C70/rm/m/n/10.53937/4
f \OT1/cmr/m/n/10.53937 15F\C70/rm/m/n/10.53937/4e : \C70/rm/m/n/10.53937/8d 
 \C70/rm/m/n/10.53937/7e  \C70/rm/m/n/10.53937/75 5 \C70/rm/m/n/10.53937/5b |
\C70/rm/m/n/10.53937/ff ^^L| \C70/rm/m/n/10.53937/90 	 \C70/rm/m/n/10.53937/75 
(\OT1/cmr/m/n/10.53937 UCC24612\C70/rm/m/n/10.53937/82  \C70/rm/m/n/10.53937/7
2 G \C70/rm/m/n/10.53937/9a q \C70/rm/m/n/10.53937/52 \OT1/cmr/m/n/10.53937 MO
SFET|\C70/rm/m/n/10.53937/ff ^^L|
 []

<F11-1.png, id=448, 376.40625pt x 492.84125pt>
File: F11-1.png Graphic file (type png)
 <use F11-1.png>
Package pdftex.def Info: F11-1.png used on input line 329.
(pdftex.def)             Requested size: 128.0387pt x 167.64651pt.

<F11-2.png, id=449, 217.1385pt x 226.3365pt>
File: F11-2.png Graphic file (type png)
 <use F11-2.png>
Package pdftex.def Info: F11-2.png used on input line 331.
(pdftex.def)             Requested size: 170.71393pt x 177.95427pt.
 [11 <./F10.png (PNG copy)> <./F11.png (PNG copy)> <./F11-1.png (PNG copy)> <./
F11-2.png>]
(./Drift Report.bbl) [12]
Package atveryend Info: Empty hook `BeforeClearDocument' on input line 383.
 [13]
Package atveryend Info: Empty hook `AfterLastShipout' on input line 383.
 (./Drift Report.aux)
Package atveryend Info: Executing hook `AtVeryEndDocument' on input line 383.
Package atveryend Info: Executing hook `AtEndAfterFileList' on input line 383.
Package rerunfilecheck Info: File `"Drift Report".out' has not changed.
(rerunfilecheck)             Checksum: 4BD298D9820E69A3699B8923190CA1EC;2976.


LaTeX Warning: There were multiply-defined labels.

Package atveryend Info: Empty hook `AtVeryVeryEnd' on input line 383.
 ) 
Here is how much of TeX's memory you used:
 25975 strings out of 492995
 435261 string characters out of 6136403
 460782 words of memory out of 5000000
 28758 multiletter control sequences out of 15000+600000
 81685 words of font info for 301 fonts, out of 8000000 for 9000
 1141 hyphenation exceptions out of 8191
 44i,11n,56p,10422b,1137s stack positions out of 5000i,500n,10000p,200000b,80000s
<c:/WINDOWS/fonts/simkai.ttf><c:/WINDOWS/fonts/simkai.ttf><c:/WINDOWS/fonts/s
imkai.ttf><c:/WINDOWS/fonts/simkai.ttf><c:/WINDOWS/fonts/simkai.ttf><c:/WINDOWS
/fonts/simkai.ttf><c:/WINDOWS/fonts/simkai.ttf><c:/WINDOWS/fonts/simkai.ttf><c:
/WINDOWS/fonts/simkai.ttf><c:/WINDOWS/fonts/simkai.ttf><c:/WINDOWS/fonts/simhei
.ttf><c:/WINDOWS/fonts/simhei.ttf><c:/WINDOWS/fonts/simhei.ttf><c:/WINDOWS/font
s/simsun.ttc><c:/WINDOWS/fonts/simhei.ttf><c:/WINDOWS/fonts/simsun.ttc><c:/WIND
OWS/fonts/simhei.ttf><c:/WINDOWS/fonts/simhei.ttf><c:/WINDOWS/fonts/simhei.ttf>
<c:/WINDOWS/fonts/simhei.ttf><c:/WINDOWS/fonts/simhei.ttf><c:/WINDOWS/fonts/sim
hei.ttf><c:/WINDOWS/fonts/simhei.ttf><c:/WINDOWS/fonts/simsun.ttc><c:/WINDOWS/f
onts/simhei.ttf><c:/WINDOWS/fonts/simsun.ttc><c:/WINDOWS/fonts/simsun.ttc><c:/W
INDOWS/fonts/simsun.ttc><c:/WINDOWS/fonts/simhei.ttf><c:/WINDOWS/fonts/simhei.t
tf><c:/WINDOWS/fonts/simsun.ttc><c:/WINDOWS/fonts/simsun.ttc><c:/WINDOWS/fonts/
simsun.ttc><c:/WINDOWS/fonts/simhei.ttf><c:/WINDOWS/fonts/simhei.ttf><c:/WINDOW
S/fonts/simsun.ttc><c:/WINDOWS/fonts/simsun.ttc><c:/WINDOWS/fonts/simsun.ttc><c
:/WINDOWS/fonts/simsun.ttc><c:/WINDOWS/fonts/simsun.ttc><c:/WINDOWS/fonts/simsu
n.ttc><c:/WINDOWS/fonts/simsun.ttc><c:/WINDOWS/fonts/simsun.ttc><c:/WINDOWS/fon
ts/simhei.ttf><c:/WINDOWS/fonts/simhei.ttf><c:/WINDOWS/fonts/simhei.ttf><c:/WIN
DOWS/fonts/simhei.ttf><c:/WINDOWS/fonts/simhei.ttf><c:/WINDOWS/fonts/simhei.ttf
><c:/WINDOWS/fonts/simhei.ttf><c:/WINDOWS/fonts/simhei.ttf><c:/WINDOWS/fonts/si
msun.ttc><c:/WINDOWS/fonts/simhei.ttf><c:/WINDOWS/fonts/simhei.ttf><c:/WINDOWS/
fonts/simhei.ttf><c:/WINDOWS/fonts/simhei.ttf><c:/WINDOWS/fonts/simsun.ttc><c:/
WINDOWS/fonts/simsun.ttc><c:/WINDOWS/fonts/simsun.ttc><c:/WINDOWS/fonts/simsun.
ttc><c:/WINDOWS/fonts/simhei.ttf><c:/WINDOWS/fonts/simsun.ttc><c:/WINDOWS/fonts
/simsun.ttc><c:/WINDOWS/fonts/simhei.ttf><c:/WINDOWS/fonts/simhei.ttf><c:/WINDO
WS/fonts/simhei.ttf><c:/WINDOWS/fonts/simhei.ttf><c:/WINDOWS/fonts/simhei.ttf><
c:/WINDOWS/fonts/simhei.ttf><c:/WINDOWS/fonts/simhei.ttf><c:/WINDOWS/fonts/sims
un.ttc><c:/WINDOWS/fonts/simsun.ttc><c:/WINDOWS/fonts/simsun.ttc><c:/WINDOWS/fo
nts/simsun.ttc><c:/WINDOWS/fonts/simsun.ttc><c:/WINDOWS/fonts/simsun.ttc><c:/WI
NDOWS/fonts/simsun.ttc><c:/WINDOWS/fonts/simsun.ttc><c:/WINDOWS/fonts/simsun.tt
c><c:/WINDOWS/fonts/simsun.ttc><c:/WINDOWS/fonts/simsun.ttc><c:/WINDOWS/fonts/s
imsun.ttc><c:/WINDOWS/fonts/simsun.ttc><c:/WINDOWS/fonts/simsun.ttc><c:/WINDOWS
/fonts/simsun.ttc><c:/WINDOWS/fonts/simsun.ttc><c:/WINDOWS/fonts/simsun.ttc><c:
/WINDOWS/fonts/simsun.ttc><c:/WINDOWS/fonts/simsun.ttc><c:/WINDOWS/fonts/simsun
.ttc><c:/WINDOWS/fonts/simsun.ttc><c:/WINDOWS/fonts/simsun.ttc><c:/WINDOWS/font
s/simhei.ttf><c:/WINDOWS/fonts/simhei.ttf><c:/WINDOWS/fonts/simsun.ttc><c:/WIND
OWS/fonts/simsun.ttc><c:/WINDOWS/fonts/simsun.ttc><c:/WINDOWS/fonts/simsun.ttc>
<c:/WINDOWS/fonts/simsun.ttc><c:/WINDOWS/fonts/simsun.ttc><c:/WINDOWS/fonts/sim
sun.ttc><c:/WINDOWS/fonts/simsun.ttc><c:/WINDOWS/fonts/simsun.ttc><c:/WINDOWS/f
onts/simsun.ttc><c:/WINDOWS/fonts/simsun.ttc><c:/WINDOWS/fonts/simsun.ttc><c:/W
INDOWS/fonts/simsun.ttc><c:/WINDOWS/fonts/simsun.ttc><c:/WINDOWS/fonts/simsun.t
tc><c:/WINDOWS/fonts/simsun.ttc><c:/WINDOWS/fonts/simsun.ttc><c:/WINDOWS/fonts/
simsun.ttc><c:/WINDOWS/fonts/simsun.ttc><c:/WINDOWS/fonts/simsun.ttc><c:/WINDOW
S/fonts/simsun.ttc><c:/WINDOWS/fonts/simsun.ttc><c:/WINDOWS/fonts/simsun.ttc><c
:/WINDOWS/fonts/simsun.ttc><c:/WINDOWS/fonts/simsun.ttc><c:/WINDOWS/fonts/simsu
n.ttc><c:/WINDOWS/fonts/simhei.ttf><c:/WINDOWS/fonts/simhei.ttf><c:/WINDOWS/fon
ts/simhei.ttf><c:/WINDOWS/fonts/simhei.ttf><c:/WINDOWS/fonts/simhei.ttf><c:/WIN
DOWS/fonts/simhei.ttf><c:/WINDOWS/fonts/simhei.ttf><c:/WINDOWS/fonts/simhei.ttf
><c:/WINDOWS/fonts/simhei.ttf><c:/texlive/2017/texmf-dist/fonts/type1/public/am
sfonts/cm/cmbx10.pfb><c:/texlive/2017/texmf-dist/fonts/type1/public/amsfonts/cm
/cmbx12.pfb><c:/texlive/2017/texmf-dist/fonts/type1/public/amsfonts/cm/cmbx9.pf
b><c:/texlive/2017/texmf-dist/fonts/type1/public/amsfonts/cm/cmmi10.pfb><c:/tex
live/2017/texmf-dist/fonts/type1/public/amsfonts/cm/cmr10.pfb><c:/texlive/2017/
texmf-dist/fonts/type1/public/amsfonts/cm/cmr12.pfb><c:/texlive/2017/texmf-dist
/fonts/type1/public/amsfonts/cm/cmr7.pfb><c:/texlive/2017/texmf-dist/fonts/type
1/public/amsfonts/cm/cmr9.pfb><c:/texlive/2017/texmf-dist/fonts/type1/public/am
sfonts/cm/cmsy10.pfb><c:/texlive/2017/texmf-dist/fonts/type1/public/amsfonts/cm
/cmtt10.pfb>
Output written on "Drift Report.pdf" (13 pages, 1474050 bytes).
PDF statistics:
 928 PDF objects out of 1000 (max. 8388607)
 667 compressed objects within 7 object streams
 83 named destinations out of 1000 (max. 500000)
 597 words of extra memory for PDF output out of 10000 (max. 10000000)

